<?xml version="1.0" encoding="utf-8"?>
<test-run id="2" testcasecount="4" result="Passed" total="4" passed="4" failed="0" inconclusive="0" skipped="0" asserts="0" engine-version="3.5.0.0" clr-version="4.0.30319.42000" start-time="2026-02-01 00:46:46Z" end-time="2026-02-01 00:46:46Z" duration="0.341523">
  <test-suite type="TestSuite" id="1000" name="VeilBreakers3D" fullname="VeilBreakers3D" runstate="Runnable" testcasecount="4" result="Passed" start-time="2026-02-01 00:46:46Z" end-time="2026-02-01 00:46:46Z" duration="0.341523" total="4" passed="4" failed="0" inconclusive="0" skipped="0" asserts="0">
    <properties>
      <property name="platform" value="EditMode" />
    </properties>
    <test-suite type="Assembly" id="1010" name="VeilBreakers.Tests.EditMode.dll" fullname="C:/Users/Conner/OneDrive/Documents/VeilBreakers3DCurrent/Library/ScriptAssemblies/VeilBreakers.Tests.EditMode.dll" runstate="Runnable" testcasecount="4" result="Passed" start-time="2026-02-01 00:46:46Z" end-time="2026-02-01 00:46:46Z" duration="0.335754" total="4" passed="4" failed="0" inconclusive="0" skipped="0" asserts="0">
      <properties>
        <property name="_PID" value="51884" />
        <property name="_APPDOMAIN" value="Unity Child Domain" />
        <property name="platform" value="EditMode" />
        <property name="EditorOnly" value="True" />
      </properties>
      <output><![CDATA[GfxDevice renderer is null. Unity cannot update the Ambient Probe and Reflection Probes that the SkyManager generates. Run the Editor without the -nographics argument or generate lighting for your scene.
]]></output>
      <test-suite type="TestSuite" id="1011" name="VeilBreakers" fullname="VeilBreakers" runstate="Runnable" testcasecount="4" result="Passed" start-time="2026-02-01 00:46:46Z" end-time="2026-02-01 00:46:46Z" duration="0.334099" total="4" passed="4" failed="0" inconclusive="0" skipped="0" asserts="0">
        <properties />
        <test-suite type="TestSuite" id="1012" name="Tests" fullname="VeilBreakers.Tests" runstate="Runnable" testcasecount="4" result="Passed" start-time="2026-02-01 00:46:46Z" end-time="2026-02-01 00:46:46Z" duration="0.333399" total="4" passed="4" failed="0" inconclusive="0" skipped="0" asserts="0">
          <properties />
          <test-suite type="TestSuite" id="1013" name="EditMode" fullname="VeilBreakers.Tests.EditMode" runstate="Runnable" testcasecount="4" result="Passed" start-time="2026-02-01 00:46:46Z" end-time="2026-02-01 00:46:46Z" duration="0.332850" total="4" passed="4" failed="0" inconclusive="0" skipped="0" asserts="0">
            <properties />
            <test-suite type="TestFixture" id="1004" name="MainMenuAssets_EditModeTests" fullname="VeilBreakers.Tests.EditMode.MainMenuAssets_EditModeTests" classname="VeilBreakers.Tests.EditMode.MainMenuAssets_EditModeTests" runstate="Runnable" testcasecount="2" result="Passed" start-time="2026-02-01 00:46:46Z" end-time="2026-02-01 00:46:46Z" duration="0.032664" total="2" passed="2" failed="0" inconclusive="0" skipped="0" asserts="0">
              <properties />
              <test-case id="1005" name="MainMenu_RequiredResourcesExist" fullname="VeilBreakers.Tests.EditMode.MainMenuAssets_EditModeTests.MainMenu_RequiredResourcesExist" methodname="MainMenu_RequiredResourcesExist" classname="VeilBreakers.Tests.EditMode.MainMenuAssets_EditModeTests" runstate="Runnable" seed="927719924" result="Passed" start-time="2026-02-01 00:46:46Z" end-time="2026-02-01 00:46:46Z" duration="0.019791" asserts="0">
                <properties>
                  <property name="Category" value="Suite.Smoke" />
                  <property name="Category" value="Suite.Integrity" />
                  <property name="Category" value="Phase.PreProd" />
                  <property name="retryIteration" value="0" />
                  <property name="repeatIteration" value="0" />
                </properties>
              </test-case>
              <test-case id="1006" name="MainMenu_RequiredShadersExist" fullname="VeilBreakers.Tests.EditMode.MainMenuAssets_EditModeTests.MainMenu_RequiredShadersExist" methodname="MainMenu_RequiredShadersExist" classname="VeilBreakers.Tests.EditMode.MainMenuAssets_EditModeTests" runstate="Runnable" seed="926189710" result="Passed" start-time="2026-02-01 00:46:46Z" end-time="2026-02-01 00:46:46Z" duration="0.000610" asserts="0">
                <properties>
                  <property name="Category" value="Suite.Smoke" />
                  <property name="Category" value="Suite.Integrity" />
                  <property name="Category" value="Phase.PreProd" />
                  <property name="retryIteration" value="0" />
                  <property name="repeatIteration" value="0" />
                </properties>
              </test-case>
            </test-suite>
            <test-suite type="TestFixture" id="1007" name="SceneIntegrity_EditModeTests" fullname="VeilBreakers.Tests.EditMode.SceneIntegrity_EditModeTests" classname="VeilBreakers.Tests.EditMode.SceneIntegrity_EditModeTests" runstate="Runnable" testcasecount="2" result="Passed" start-time="2026-02-01 00:46:46Z" end-time="2026-02-01 00:46:46Z" duration="0.298832" total="2" passed="2" failed="0" inconclusive="0" skipped="0" asserts="0">
              <properties />
              <test-case id="1009" name="MainMenuScene_LoadsInEditor" fullname="VeilBreakers.Tests.EditMode.SceneIntegrity_EditModeTests.MainMenuScene_LoadsInEditor" methodname="MainMenuScene_LoadsInEditor" classname="VeilBreakers.Tests.EditMode.SceneIntegrity_EditModeTests" runstate="Runnable" seed="1063034830" result="Passed" start-time="2026-02-01 00:46:46Z" end-time="2026-02-01 00:46:46Z" duration="0.132984" asserts="0">
                <properties>
                  <property name="Category" value="Suite.Smoke" />
                  <property name="Category" value="Suite.Integrity" />
                  <property name="Category" value="Phase.PreProd" />
                  <property name="retryIteration" value="0" />
                  <property name="repeatIteration" value="0" />
                </properties>
              </test-case>
              <test-case id="1008" name="Scenes_HaveNoMissingScripts" fullname="VeilBreakers.Tests.EditMode.SceneIntegrity_EditModeTests.Scenes_HaveNoMissingScripts" methodname="Scenes_HaveNoMissingScripts" classname="VeilBreakers.Tests.EditMode.SceneIntegrity_EditModeTests" runstate="Runnable" seed="1543505062" result="Passed" start-time="2026-02-01 00:46:46Z" end-time="2026-02-01 00:46:46Z" duration="0.164475" asserts="0">
                <properties>
                  <property name="Category" value="Suite.Integrity" />
                  <property name="Category" value="Phase.PreProd" />
                  <property name="retryIteration" value="0" />
                  <property name="repeatIteration" value="0" />
                </properties>
                <output><![CDATA[GfxDevice renderer is null. Unity cannot update the Ambient Probe and Reflection Probes that the SkyManager generates. Run the Editor without the -nographics argument or generate lighting for your scene.
Saving results to: C:\Users\Conner\OneDrive\Documents\VeilBreakers3DCurrent\TestResults\editmode-results.xml
]]></output>
              </test-case>
            </test-suite>
          </test-suite>
        </test-suite>
      </test-suite>
    </test-suite>
  </test-suite>
</test-run>