<?xml version="1.0" encoding="utf-8"?>
<test-run id="2" testcasecount="2" result="Passed" total="2" passed="2" failed="0" inconclusive="0" skipped="0" asserts="0" engine-version="3.5.0.0" clr-version="4.0.30319.42000" start-time="2026-02-01 00:51:56Z" end-time="2026-02-01 00:51:56Z" duration="0.4183581">
  <test-suite type="TestSuite" id="1010" name="VeilBreakers3D" fullname="VeilBreakers3D" runstate="Runnable" testcasecount="2" result="Passed" start-time="2026-02-01 00:51:56Z" end-time="2026-02-01 00:51:56Z" duration="0.418358" total="2" passed="2" failed="0" inconclusive="0" skipped="0" asserts="0">
    <properties>
      <property name="platform" value="PlayMode" />
    </properties>
    <test-suite type="Assembly" id="1006" name="VeilBreakers.Tests.PlayMode.dll" fullname="C:/Users/Conner/OneDrive/Documents/VeilBreakers3DCurrent/Library/ScriptAssemblies/VeilBreakers.Tests.PlayMode.dll" runstate="Runnable" testcasecount="2" result="Passed" start-time="2026-02-01 00:51:56Z" end-time="2026-02-01 00:51:56Z" duration="0.413485" total="2" passed="2" failed="0" inconclusive="0" skipped="0" asserts="0">
      <properties>
        <property name="_PID" value="1236" />
        <property name="_APPDOMAIN" value="Unity Child Domain" />
        <property name="platform" value="PlayMode" />
        <property name="EditorOnly" value="False" />
      </properties>
      <test-suite type="TestSuite" id="1007" name="VeilBreakers" fullname="VeilBreakers" runstate="Runnable" testcasecount="2" result="Passed" start-time="2026-02-01 00:51:56Z" end-time="2026-02-01 00:51:56Z" duration="0.413016" total="2" passed="2" failed="0" inconclusive="0" skipped="0" asserts="0">
        <properties />
        <test-suite type="TestSuite" id="1008" name="Tests" fullname="VeilBreakers.Tests" runstate="Runnable" testcasecount="2" result="Passed" start-time="2026-02-01 00:51:56Z" end-time="2026-02-01 00:51:56Z" duration="0.412822" total="2" passed="2" failed="0" inconclusive="0" skipped="0" asserts="0">
          <properties />
          <test-suite type="TestSuite" id="1009" name="PlayMode" fullname="VeilBreakers.Tests.PlayMode" runstate="Runnable" testcasecount="2" result="Passed" start-time="2026-02-01 00:51:56Z" end-time="2026-02-01 00:51:56Z" duration="0.412596" total="2" passed="2" failed="0" inconclusive="0" skipped="0" asserts="0">
            <properties />
            <test-suite type="TestFixture" id="1003" name="MainMenuOverlay_PlayModeTests" fullname="VeilBreakers.Tests.PlayMode.MainMenuOverlay_PlayModeTests" classname="VeilBreakers.Tests.PlayMode.MainMenuOverlay_PlayModeTests" runstate="Runnable" testcasecount="2" result="Passed" start-time="2026-02-01 00:51:56Z" end-time="2026-02-01 00:51:56Z" duration="0.411536" total="2" passed="2" failed="0" inconclusive="0" skipped="0" asserts="0">
              <properties />
              <test-case id="1005" name="MainMenu_IdleGcAllocIsLowAfterWarmup" fullname="VeilBreakers.Tests.PlayMode.MainMenuOverlay_PlayModeTests.MainMenu_IdleGcAllocIsLowAfterWarmup" methodname="MainMenu_IdleGcAllocIsLowAfterWarmup" classname="VeilBreakers.Tests.PlayMode.MainMenuOverlay_PlayModeTests" runstate="Runnable" seed="927904346" result="Passed" start-time="2026-02-01 00:51:56Z" end-time="2026-02-01 00:51:56Z" duration="0.360982" asserts="0">
                <properties>
                  <property name="_JOINTYPE" value="UnityCombinatorial" />
                  <property name="Category" value="Suite.Perf" />
                  <property name="Category" value="Phase.VerticalSlice" />
                  <property name="retryIteration" value="0" />
                  <property name="repeatIteration" value="0" />
                </properties>
                <output><![CDATA[No Theme Style Sheet set to PanelSettings VeilBreakersPanelSettings, UI will not render properly
[GameManager] Initialized
[MainMenuVFXOverlay] Created overlay canvas (sortingOrder=5000). Press F8 to toggle DEBUG overlay (editor-only).
[TitleScreenVFX] Creating material instances...
[TitleScreenVFX] Vignette material created, shader: VeilBreakers/VFX/Vignette
[TitleScreenVFX] Smoke material created, shader: VeilBreakers/VFX/ScrollingSmoke
[TitleScreenVFX] Particles material created, shader: VeilBreakers/VFX/FloatingParticles
[TitleScreenVFX] HeatDistortion material created, shader: VeilBreakers/VFX/HeatDistortion
[TitleScreenVFX] Quality level: 5, Particles: True, HeatDistortion: True
[MenuBootstrap] UIDocument already exists in MainMenu
[VB:UI] MainMenu initialized
[VB:UI] MainMenu initialized via external root
[VB:UI] SettingsPanel initialized
[VB:UI] SettingsPanel initialized via external root
[TitleScreenVFX] Start() called - initializing VFX
[TitleScreenVFX] VFX now at full intensity
]]></output>
              </test-case>
              <test-case id="1004" name="MainMenu_OverlayVfxRendersAndDoesNotBlockInput" fullname="VeilBreakers.Tests.PlayMode.MainMenuOverlay_PlayModeTests.MainMenu_OverlayVfxRendersAndDoesNotBlockInput" methodname="MainMenu_OverlayVfxRendersAndDoesNotBlockInput" classname="VeilBreakers.Tests.PlayMode.MainMenuOverlay_PlayModeTests" runstate="Runnable" seed="972429752" result="Passed" start-time="2026-02-01 00:51:56Z" end-time="2026-02-01 00:51:56Z" duration="0.039624" asserts="0">
                <properties>
                  <property name="_JOINTYPE" value="UnityCombinatorial" />
                  <property name="Category" value="Suite.Smoke" />
                  <property name="Category" value="Phase.PreProd" />
                  <property name="retryIteration" value="0" />
                  <property name="repeatIteration" value="0" />
                </properties>
                <output><![CDATA[[MainMenuVFXOverlay] Created overlay canvas (sortingOrder=5000). Press F8 to toggle DEBUG overlay (editor-only).
[TitleScreenVFX] Creating material instances...
[TitleScreenVFX] Vignette material created, shader: VeilBreakers/VFX/Vignette
[TitleScreenVFX] Smoke material created, shader: VeilBreakers/VFX/ScrollingSmoke
[TitleScreenVFX] Particles material created, shader: VeilBreakers/VFX/FloatingParticles
[TitleScreenVFX] HeatDistortion material created, shader: VeilBreakers/VFX/HeatDistortion
[TitleScreenVFX] Quality level: 5, Particles: True, HeatDistortion: True
[MenuBootstrap] UIDocument already exists in MainMenu
[VB:UI] MainMenu initialized
[VB:UI] MainMenu initialized via external root
[VB:UI] SettingsPanel initialized
[VB:UI] SettingsPanel initialized via external root
[TitleScreenVFX] Start() called - initializing VFX
[TitleScreenVFX] VFX now at full intensity
Saving results to: C:\Users\Conner\OneDrive\Documents\VeilBreakers3DCurrent\TestResults\playmode-results.xml
]]></output>
              </test-case>
            </test-suite>
          </test-suite>
        </test-suite>
      </test-suite>
    </test-suite>
  </test-suite>
</test-run>